d:\projectall\mbgfx\bgfx\.build\win64_vs2017\obj\x64\debug\example-common\vertexfilter.obj
d:\projectall\mbgfx\bgfx\.build\win64_vs2017\obj\x64\debug\example-common\entry_noop.obj
d:\projectall\mbgfx\bgfx\.build\win64_vs2017\obj\x64\debug\example-common\vcacheanalyzer.obj
d:\projectall\mbgfx\bgfx\.build\win64_vs2017\obj\x64\debug\example-common\camera.obj
d:\projectall\mbgfx\bgfx\.build\win64_vs2017\obj\x64\debug\example-common\input.obj
d:\projectall\mbgfx\bgfx\.build\win64_vs2017\obj\x64\debug\example-common\imgui.obj
d:\projectall\mbgfx\bgfx\.build\win64_vs2017\obj\x64\debug\example-common\overdrawanalyzer.obj
d:\projectall\mbgfx\bgfx\.build\win64_vs2017\obj\x64\debug\example-common\bgfx_utils.obj
d:\projectall\mbgfx\bgfx\.build\win64_vs2017\obj\x64\debug\example-common\font_manager.obj
d:\projectall\mbgfx\bgfx\.build\win64_vs2017\obj\x64\debug\example-common\clusterizer.obj
d:\projectall\mbgfx\bgfx\.build\win64_vs2017\obj\x64\debug\example-common\cube_atlas.obj
d:\projectall\mbgfx\bgfx\.build\win64_vs2017\obj\x64\debug\example-common\indexcodec.obj
d:\projectall\mbgfx\bgfx\.build\win64_vs2017\obj\x64\debug\example-common\imgui_draw.obj
d:\projectall\mbgfx\bgfx\.build\win64_vs2017\obj\x64\debug\example-common\text_metrics.obj
d:\projectall\mbgfx\bgfx\.build\win64_vs2017\obj\x64\debug\example-common\particle_system.obj
d:\projectall\mbgfx\bgfx\.build\win64_vs2017\obj\x64\debug\example-common\vcacheoptimizer.obj
d:\projectall\mbgfx\bgfx\.build\win64_vs2017\obj\x64\debug\example-common\dialog.obj
d:\projectall\mbgfx\bgfx\.build\win64_vs2017\obj\x64\debug\example-common\utf8.obj
d:\projectall\mbgfx\bgfx\.build\win64_vs2017\obj\x64\debug\example-common\vfetchanalyzer.obj
d:\projectall\mbgfx\bgfx\.build\win64_vs2017\obj\x64\debug\example-common\entry_glfw.obj
d:\projectall\mbgfx\bgfx\.build\win64_vs2017\obj\x64\debug\example-common\entry_x11.obj
d:\projectall\mbgfx\bgfx\.build\win64_vs2017\obj\x64\debug\example-common\overdrawoptimizer.obj
d:\projectall\mbgfx\bgfx\.build\win64_vs2017\obj\x64\debug\example-common\entry.obj
d:\projectall\mbgfx\bgfx\.build\win64_vs2017\obj\x64\debug\example-common\vertexcodec.obj
d:\projectall\mbgfx\bgfx\.build\win64_vs2017\obj\x64\debug\example-common\entry_html5.obj
d:\projectall\mbgfx\bgfx\.build\win64_vs2017\obj\x64\debug\example-common\simplifier.obj
d:\projectall\mbgfx\bgfx\.build\win64_vs2017\obj\x64\debug\example-common\entry_android.obj
d:\projectall\mbgfx\bgfx\.build\win64_vs2017\obj\x64\debug\example-common\entry_sdl.obj
d:\projectall\mbgfx\bgfx\.build\win64_vs2017\obj\x64\debug\example-common\nanovg_bgfx.obj
d:\projectall\mbgfx\bgfx\.build\win64_vs2017\obj\x64\debug\example-common\stripifier.obj
d:\projectall\mbgfx\bgfx\.build\win64_vs2017\obj\x64\debug\example-common\cmd.obj
d:\projectall\mbgfx\bgfx\.build\win64_vs2017\obj\x64\debug\example-common\text_buffer_manager.obj
d:\projectall\mbgfx\bgfx\.build\win64_vs2017\obj\x64\debug\example-common\indexgenerator.obj
d:\projectall\mbgfx\bgfx\.build\win64_vs2017\obj\x64\debug\example-common\imgui_widgets.obj
d:\projectall\mbgfx\bgfx\.build\win64_vs2017\obj\x64\debug\example-common\vfetchoptimizer.obj
d:\projectall\mbgfx\bgfx\.build\win64_vs2017\obj\x64\debug\example-common\debugdraw.obj
d:\projectall\mbgfx\bgfx\.build\win64_vs2017\obj\x64\debug\example-common\spatialorder.obj
d:\projectall\mbgfx\bgfx\.build\win64_vs2017\obj\x64\debug\example-common\imgui_tables.obj
d:\projectall\mbgfx\bgfx\.build\win64_vs2017\obj\x64\debug\example-common\entry_windows.obj
d:\projectall\mbgfx\bgfx\.build\win64_vs2017\obj\x64\debug\example-common\allocator.obj
d:\projectall\mbgfx\bgfx\.build\win64_vs2017\obj\x64\debug\example-common\imgui_demo.obj
d:\projectall\mbgfx\bgfx\.build\win64_vs2017\obj\x64\debug\example-common\nanovg.obj
d:\projectall\mbgfx\bgfx\.build\win64_vs2017\bin\example-commondebug.pdb
d:\projectall\mbgfx\bgfx\.build\win64_vs2017\obj\x64\debug\example-common\1\imgui.obj
d:\projectall\mbgfx\bgfx\.build\win64_vs2017\bin\example-commondebug.lib
d:\projectall\mbgfx\bgfx\.build1\win64_vs2017\bin\example-commondebug.lib
d:\projectall\mbgfx\bgfx\.build1\win64_vs2017\obj\x64\debug\example-common\allocator.obj
d:\projectall\mbgfx\bgfx\.build1\win64_vs2017\obj\x64\debug\example-common\bgfx_utils.obj
d:\projectall\mbgfx\bgfx\.build1\win64_vs2017\obj\x64\debug\example-common\camera.obj
d:\projectall\mbgfx\bgfx\.build1\win64_vs2017\obj\x64\debug\example-common\clusterizer.obj
d:\projectall\mbgfx\bgfx\.build1\win64_vs2017\obj\x64\debug\example-common\cmd.obj
d:\projectall\mbgfx\bgfx\.build1\win64_vs2017\obj\x64\debug\example-common\cube_atlas.obj
d:\projectall\mbgfx\bgfx\.build1\win64_vs2017\obj\x64\debug\example-common\debugdraw.obj
d:\projectall\mbgfx\bgfx\.build1\win64_vs2017\obj\x64\debug\example-common\dialog.obj
d:\projectall\mbgfx\bgfx\.build1\win64_vs2017\obj\x64\debug\example-common\entry.obj
d:\projectall\mbgfx\bgfx\.build1\win64_vs2017\obj\x64\debug\example-common\entry_android.obj
d:\projectall\mbgfx\bgfx\.build1\win64_vs2017\obj\x64\debug\example-common\entry_glfw.obj
d:\projectall\mbgfx\bgfx\.build1\win64_vs2017\obj\x64\debug\example-common\entry_html5.obj
d:\projectall\mbgfx\bgfx\.build1\win64_vs2017\obj\x64\debug\example-common\entry_noop.obj
d:\projectall\mbgfx\bgfx\.build1\win64_vs2017\obj\x64\debug\example-common\entry_sdl.obj
d:\projectall\mbgfx\bgfx\.build1\win64_vs2017\obj\x64\debug\example-common\entry_windows.obj
d:\projectall\mbgfx\bgfx\.build1\win64_vs2017\obj\x64\debug\example-common\entry_x11.obj
d:\projectall\mbgfx\bgfx\.build1\win64_vs2017\obj\x64\debug\example-common\font_manager.obj
d:\projectall\mbgfx\bgfx\.build1\win64_vs2017\obj\x64\debug\example-common\imgui.obj
d:\projectall\mbgfx\bgfx\.build1\win64_vs2017\obj\x64\debug\example-common\imgui_demo.obj
d:\projectall\mbgfx\bgfx\.build1\win64_vs2017\obj\x64\debug\example-common\imgui_draw.obj
d:\projectall\mbgfx\bgfx\.build1\win64_vs2017\obj\x64\debug\example-common\imgui_tables.obj
d:\projectall\mbgfx\bgfx\.build1\win64_vs2017\obj\x64\debug\example-common\imgui_widgets.obj
d:\projectall\mbgfx\bgfx\.build1\win64_vs2017\obj\x64\debug\example-common\indexcodec.obj
d:\projectall\mbgfx\bgfx\.build1\win64_vs2017\obj\x64\debug\example-common\indexgenerator.obj
d:\projectall\mbgfx\bgfx\.build1\win64_vs2017\obj\x64\debug\example-common\input.obj
d:\projectall\mbgfx\bgfx\.build1\win64_vs2017\obj\x64\debug\example-common\nanovg.obj
d:\projectall\mbgfx\bgfx\.build1\win64_vs2017\obj\x64\debug\example-common\nanovg_bgfx.obj
d:\projectall\mbgfx\bgfx\.build1\win64_vs2017\obj\x64\debug\example-common\overdrawanalyzer.obj
d:\projectall\mbgfx\bgfx\.build1\win64_vs2017\obj\x64\debug\example-common\overdrawoptimizer.obj
d:\projectall\mbgfx\bgfx\.build1\win64_vs2017\obj\x64\debug\example-common\particle_system.obj
d:\projectall\mbgfx\bgfx\.build1\win64_vs2017\obj\x64\debug\example-common\simplifier.obj
d:\projectall\mbgfx\bgfx\.build1\win64_vs2017\obj\x64\debug\example-common\spatialorder.obj
d:\projectall\mbgfx\bgfx\.build1\win64_vs2017\obj\x64\debug\example-common\stripifier.obj
d:\projectall\mbgfx\bgfx\.build1\win64_vs2017\obj\x64\debug\example-common\text_buffer_manager.obj
d:\projectall\mbgfx\bgfx\.build1\win64_vs2017\obj\x64\debug\example-common\text_metrics.obj
d:\projectall\mbgfx\bgfx\.build1\win64_vs2017\obj\x64\debug\example-common\utf8.obj
d:\projectall\mbgfx\bgfx\.build1\win64_vs2017\obj\x64\debug\example-common\vcacheanalyzer.obj
d:\projectall\mbgfx\bgfx\.build1\win64_vs2017\obj\x64\debug\example-common\vcacheoptimizer.obj
d:\projectall\mbgfx\bgfx\.build1\win64_vs2017\obj\x64\debug\example-common\vertexcodec.obj
d:\projectall\mbgfx\bgfx\.build1\win64_vs2017\obj\x64\debug\example-common\vertexfilter.obj
d:\projectall\mbgfx\bgfx\.build1\win64_vs2017\obj\x64\debug\example-common\vfetchanalyzer.obj
d:\projectall\mbgfx\bgfx\.build1\win64_vs2017\obj\x64\debug\example-common\vfetchoptimizer.obj
d:\projectall\mbgfx\bgfx\.build1\win64_vs2017\obj\x64\debug\example-common\example-common.tlog\cl.command.1.tlog
d:\projectall\mbgfx\bgfx\.build1\win64_vs2017\obj\x64\debug\example-common\example-common.tlog\cl.read.1.tlog
d:\projectall\mbgfx\bgfx\.build1\win64_vs2017\obj\x64\debug\example-common\example-common.tlog\cl.write.1.tlog
d:\projectall\mbgfx\bgfx\.build1\win64_vs2017\obj\x64\debug\example-common\example-common.tlog\lib-link.read.1.tlog
d:\projectall\mbgfx\bgfx\.build1\win64_vs2017\obj\x64\debug\example-common\example-common.tlog\lib-link.write.1.tlog
d:\projectall\mbgfx\bgfx\.build1\win64_vs2017\obj\x64\debug\example-common\example-common.tlog\lib.command.1.tlog
