d:\projectall\mbgfx\bgfx\.build\win64_vs2017\obj\x64\debug\bx\bx.obj
d:\projectall\mbgfx\bgfx\.build\win64_vs2017\obj\x64\debug\bx\allocator.obj
d:\projectall\mbgfx\bgfx\.build\win64_vs2017\obj\x64\debug\bx\debug.obj
d:\projectall\mbgfx\bgfx\.build\win64_vs2017\obj\x64\debug\bx\easing.obj
d:\projectall\mbgfx\bgfx\.build\win64_vs2017\obj\x64\debug\bx\timer.obj
d:\projectall\mbgfx\bgfx\.build\win64_vs2017\obj\x64\debug\bx\hash.obj
d:\projectall\mbgfx\bgfx\.build\win64_vs2017\obj\x64\debug\bx\thread.obj
d:\projectall\mbgfx\bgfx\.build\win64_vs2017\obj\x64\debug\bx\process.obj
d:\projectall\mbgfx\bgfx\.build\win64_vs2017\obj\x64\debug\bx\bounds.obj
d:\projectall\mbgfx\bgfx\.build\win64_vs2017\obj\x64\debug\bx\mutex.obj
d:\projectall\mbgfx\bgfx\.build\win64_vs2017\obj\x64\debug\bx\settings.obj
d:\projectall\mbgfx\bgfx\.build\win64_vs2017\obj\x64\debug\bx\filepath.obj
d:\projectall\mbgfx\bgfx\.build\win64_vs2017\obj\x64\debug\bx\url.obj
d:\projectall\mbgfx\bgfx\.build\win64_vs2017\obj\x64\debug\bx\commandline.obj
d:\projectall\mbgfx\bgfx\.build\win64_vs2017\obj\x64\debug\bx\string.obj
d:\projectall\mbgfx\bgfx\.build\win64_vs2017\obj\x64\debug\bx\math.obj
d:\projectall\mbgfx\bgfx\.build\win64_vs2017\obj\x64\debug\bx\file.obj
d:\projectall\mbgfx\bgfx\.build\win64_vs2017\obj\x64\debug\bx\os.obj
d:\projectall\mbgfx\bgfx\.build\win64_vs2017\obj\x64\debug\bx\crtnone.obj
d:\projectall\mbgfx\bgfx\.build\win64_vs2017\obj\x64\debug\bx\semaphore.obj
d:\projectall\mbgfx\bgfx\.build\win64_vs2017\obj\x64\debug\bx\sort.obj
d:\projectall\mbgfx\bgfx\.build\win64_vs2017\obj\x64\debug\bx\dtoa.obj
d:\projectall\mbgfx\bgfx\.build\win64_vs2017\bin\bxdebug.pdb
d:\projectall\mbgfx\bgfx\.build\win64_vs2017\bin\bxdebug.lib
d:\projectall\mbgfx\bgfx\.build1\win64_vs2017\bin\bxdebug.lib
d:\projectall\mbgfx\bgfx\.build1\win64_vs2017\obj\x64\debug\bx\allocator.obj
d:\projectall\mbgfx\bgfx\.build1\win64_vs2017\obj\x64\debug\bx\bounds.obj
d:\projectall\mbgfx\bgfx\.build1\win64_vs2017\obj\x64\debug\bx\bx.obj
d:\projectall\mbgfx\bgfx\.build1\win64_vs2017\obj\x64\debug\bx\commandline.obj
d:\projectall\mbgfx\bgfx\.build1\win64_vs2017\obj\x64\debug\bx\crtnone.obj
d:\projectall\mbgfx\bgfx\.build1\win64_vs2017\obj\x64\debug\bx\debug.obj
d:\projectall\mbgfx\bgfx\.build1\win64_vs2017\obj\x64\debug\bx\dtoa.obj
d:\projectall\mbgfx\bgfx\.build1\win64_vs2017\obj\x64\debug\bx\easing.obj
d:\projectall\mbgfx\bgfx\.build1\win64_vs2017\obj\x64\debug\bx\file.obj
d:\projectall\mbgfx\bgfx\.build1\win64_vs2017\obj\x64\debug\bx\filepath.obj
d:\projectall\mbgfx\bgfx\.build1\win64_vs2017\obj\x64\debug\bx\hash.obj
d:\projectall\mbgfx\bgfx\.build1\win64_vs2017\obj\x64\debug\bx\math.obj
d:\projectall\mbgfx\bgfx\.build1\win64_vs2017\obj\x64\debug\bx\mutex.obj
d:\projectall\mbgfx\bgfx\.build1\win64_vs2017\obj\x64\debug\bx\os.obj
d:\projectall\mbgfx\bgfx\.build1\win64_vs2017\obj\x64\debug\bx\process.obj
d:\projectall\mbgfx\bgfx\.build1\win64_vs2017\obj\x64\debug\bx\semaphore.obj
d:\projectall\mbgfx\bgfx\.build1\win64_vs2017\obj\x64\debug\bx\settings.obj
d:\projectall\mbgfx\bgfx\.build1\win64_vs2017\obj\x64\debug\bx\sort.obj
d:\projectall\mbgfx\bgfx\.build1\win64_vs2017\obj\x64\debug\bx\string.obj
d:\projectall\mbgfx\bgfx\.build1\win64_vs2017\obj\x64\debug\bx\thread.obj
d:\projectall\mbgfx\bgfx\.build1\win64_vs2017\obj\x64\debug\bx\timer.obj
d:\projectall\mbgfx\bgfx\.build1\win64_vs2017\obj\x64\debug\bx\url.obj
d:\projectall\mbgfx\bgfx\.build1\win64_vs2017\obj\x64\debug\bx\bx.tlog\cl.10304.write.1.tlog
d:\projectall\mbgfx\bgfx\.build1\win64_vs2017\obj\x64\debug\bx\bx.tlog\cl.command.1.tlog
d:\projectall\mbgfx\bgfx\.build1\win64_vs2017\obj\x64\debug\bx\bx.tlog\cl.read.1.tlog
d:\projectall\mbgfx\bgfx\.build1\win64_vs2017\obj\x64\debug\bx\bx.tlog\lib-link.read.1.tlog
d:\projectall\mbgfx\bgfx\.build1\win64_vs2017\obj\x64\debug\bx\bx.tlog\lib-link.write.1.tlog
d:\projectall\mbgfx\bgfx\.build1\win64_vs2017\obj\x64\debug\bx\bx.tlog\lib.command.1.tlog
