d:\projectall\mbgfx\bgfx\.build1\win64_vs2017\obj\x64\debug\example-learn\learn.obj
d:\projectall\mbgfx\bgfx\.build1\win64_vs2017\obj\x64\debug\example-learn\n3tree.obj
d:\projectall\mbgfx\bgfx\.build1\win64_vs2017\obj\x64\debug\example-learn\cnpy.obj
d:\projectall\mbgfx\bgfx\.build1\win64_vs2017\obj\x64\debug\example-learn\shader_renderer.obj
d:\projectall\mbgfx\bgfx\.build1\win64_vs2017\obj\x64\debug\example-learn\example-learndebug.compile.pdb
d:\projectall\mbgfx\bgfx\.build1\win64_vs2017\obj\x64\debug\example-learn\cameraa.obj
d:\projectall\mbgfx\bgfx\.build\win64_vs2017\bin\example-learndebug.lib
d:\projectall\mbgfx\bgfx\.build\win64_vs2017\bin\example-learndebug.exp
d:\projectall\mbgfx\bgfx\.build1\win64_vs2017\bin\example-learndebug.lib
d:\projectall\mbgfx\bgfx\.build1\win64_vs2017\bin\example-learndebug.exp
d:\projectall\mbgfx\bgfx\.build\win64_vs2017\bin\example-learndebug.exe
d:\projectall\mbgfx\bgfx\.build\win64_vs2017\obj\x64\debug\example-learn\example-learndebug.ilk
d:\projectall\mbgfx\bgfx\.build\win64_vs2017\bin\example-learndebug.pdb
d:\projectall\mbgfx\bgfx\.build1\win64_vs2017\bin\example-learndebug.exe
d:\projectall\mbgfx\bgfx\.build1\win64_vs2017\obj\x64\debug\example-learn\example-learndebug.ilk
d:\projectall\mbgfx\bgfx\.build1\win64_vs2017\bin\example-learndebug.pdb
d:\projectall\mbgfx\bgfx\.build1\win64_vs2017\obj\x64\debug\example-learn\example-learn.res
d:\projectall\mbgfx\bgfx\.build1\win64_vs2017\obj\x64\debug\example-learn\camera.obj
d:\projectall\mbgfx\bgfx\.build1\win64_vs2017\obj\x64\debug\example-learn\example-learn.tlog\cl.command.1.tlog
d:\projectall\mbgfx\bgfx\.build1\win64_vs2017\obj\x64\debug\example-learn\example-learn.tlog\cl.read.1.tlog
d:\projectall\mbgfx\bgfx\.build1\win64_vs2017\obj\x64\debug\example-learn\example-learn.tlog\cl.write.1.tlog
d:\projectall\mbgfx\bgfx\.build1\win64_vs2017\obj\x64\debug\example-learn\example-learn.tlog\example-learn.write.1u.tlog
d:\projectall\mbgfx\bgfx\.build1\win64_vs2017\obj\x64\debug\example-learn\example-learn.tlog\link.command.1.tlog
d:\projectall\mbgfx\bgfx\.build1\win64_vs2017\obj\x64\debug\example-learn\example-learn.tlog\link.read.1.tlog
d:\projectall\mbgfx\bgfx\.build1\win64_vs2017\obj\x64\debug\example-learn\example-learn.tlog\link.write.1.tlog
d:\projectall\mbgfx\bgfx\.build1\win64_vs2017\obj\x64\debug\example-learn\example-learn.tlog\rc.command.1.tlog
d:\projectall\mbgfx\bgfx\.build1\win64_vs2017\obj\x64\debug\example-learn\example-learn.tlog\rc.read.1.tlog
d:\projectall\mbgfx\bgfx\.build1\win64_vs2017\obj\x64\debug\example-learn\example-learn.tlog\rc.write.1.tlog
