d:\projectall\mbgfx\bgfx\.build\win64_vs2017\obj\x64\debug\bgfx\glcontext_glx.obj
d:\projectall\mbgfx\bgfx\.build\win64_vs2017\obj\x64\debug\bgfx\glcontext_wgl.obj
d:\projectall\mbgfx\bgfx\.build\win64_vs2017\obj\x64\debug\bgfx\glcontext_egl.obj
d:\projectall\mbgfx\bgfx\.build\win64_vs2017\obj\x64\debug\bgfx\debug_renderdoc.obj
d:\projectall\mbgfx\bgfx\.build\win64_vs2017\obj\x64\debug\bgfx\dxgi.obj
d:\projectall\mbgfx\bgfx\.build\win64_vs2017\obj\x64\debug\bgfx\renderer_vk.obj
d:\projectall\mbgfx\bgfx\.build\win64_vs2017\obj\x64\debug\bgfx\renderer_d3d11.obj
d:\projectall\mbgfx\bgfx\.build\win64_vs2017\obj\x64\debug\bgfx\shader_dxbc.obj
d:\projectall\mbgfx\bgfx\.build\win64_vs2017\obj\x64\debug\bgfx\renderer_d3d12.obj
d:\projectall\mbgfx\bgfx\.build\win64_vs2017\obj\x64\debug\bgfx\topology.obj
d:\projectall\mbgfx\bgfx\.build\win64_vs2017\obj\x64\debug\bgfx\renderer_gnm.obj
d:\projectall\mbgfx\bgfx\.build\win64_vs2017\obj\x64\debug\bgfx\nvapi.obj
d:\projectall\mbgfx\bgfx\.build\win64_vs2017\obj\x64\debug\bgfx\renderer_webgpu.obj
d:\projectall\mbgfx\bgfx\.build\win64_vs2017\obj\x64\debug\bgfx\glcontext_html5.obj
d:\projectall\mbgfx\bgfx\.build\win64_vs2017\obj\x64\debug\bgfx\shader_dx9bc.obj
d:\projectall\mbgfx\bgfx\.build\win64_vs2017\obj\x64\debug\bgfx\renderer_agc.obj
d:\projectall\mbgfx\bgfx\.build\win64_vs2017\obj\x64\debug\bgfx\shader_spirv.obj
d:\projectall\mbgfx\bgfx\.build\win64_vs2017\obj\x64\debug\bgfx\bgfx.obj
d:\projectall\mbgfx\bgfx\.build\win64_vs2017\obj\x64\debug\bgfx\renderer_d3d9.obj
d:\projectall\mbgfx\bgfx\.build\win64_vs2017\obj\x64\debug\bgfx\shader.obj
d:\projectall\mbgfx\bgfx\.build\win64_vs2017\obj\x64\debug\bgfx\renderer_nvn.obj
d:\projectall\mbgfx\bgfx\.build\win64_vs2017\obj\x64\debug\bgfx\renderer_noop.obj
d:\projectall\mbgfx\bgfx\.build\win64_vs2017\obj\x64\debug\bgfx\renderer_gl.obj
d:\projectall\mbgfx\bgfx\.build\win64_vs2017\obj\x64\debug\bgfx\vertexlayout.obj
d:\projectall\mbgfx\bgfx\.build\win64_vs2017\bin\bgfxdebug.pdb
d:\projectall\mbgfx\bgfx\.build\win64_vs2017\bin\bgfxdebug.lib
d:\projectall\mbgfx\bgfx\.build1\win64_vs2017\bin\bgfxdebug.lib
d:\projectall\mbgfx\bgfx\.build1\win64_vs2017\obj\x64\debug\bgfx\bgfx.obj
d:\projectall\mbgfx\bgfx\.build1\win64_vs2017\obj\x64\debug\bgfx\debug_renderdoc.obj
d:\projectall\mbgfx\bgfx\.build1\win64_vs2017\obj\x64\debug\bgfx\dxgi.obj
d:\projectall\mbgfx\bgfx\.build1\win64_vs2017\obj\x64\debug\bgfx\glcontext_egl.obj
d:\projectall\mbgfx\bgfx\.build1\win64_vs2017\obj\x64\debug\bgfx\glcontext_glx.obj
d:\projectall\mbgfx\bgfx\.build1\win64_vs2017\obj\x64\debug\bgfx\glcontext_html5.obj
d:\projectall\mbgfx\bgfx\.build1\win64_vs2017\obj\x64\debug\bgfx\glcontext_wgl.obj
d:\projectall\mbgfx\bgfx\.build1\win64_vs2017\obj\x64\debug\bgfx\nvapi.obj
d:\projectall\mbgfx\bgfx\.build1\win64_vs2017\obj\x64\debug\bgfx\renderer_agc.obj
d:\projectall\mbgfx\bgfx\.build1\win64_vs2017\obj\x64\debug\bgfx\renderer_d3d11.obj
d:\projectall\mbgfx\bgfx\.build1\win64_vs2017\obj\x64\debug\bgfx\renderer_d3d12.obj
d:\projectall\mbgfx\bgfx\.build1\win64_vs2017\obj\x64\debug\bgfx\renderer_d3d9.obj
d:\projectall\mbgfx\bgfx\.build1\win64_vs2017\obj\x64\debug\bgfx\renderer_gl.obj
d:\projectall\mbgfx\bgfx\.build1\win64_vs2017\obj\x64\debug\bgfx\renderer_gnm.obj
d:\projectall\mbgfx\bgfx\.build1\win64_vs2017\obj\x64\debug\bgfx\renderer_noop.obj
d:\projectall\mbgfx\bgfx\.build1\win64_vs2017\obj\x64\debug\bgfx\renderer_nvn.obj
d:\projectall\mbgfx\bgfx\.build1\win64_vs2017\obj\x64\debug\bgfx\renderer_vk.obj
d:\projectall\mbgfx\bgfx\.build1\win64_vs2017\obj\x64\debug\bgfx\renderer_webgpu.obj
d:\projectall\mbgfx\bgfx\.build1\win64_vs2017\obj\x64\debug\bgfx\shader.obj
d:\projectall\mbgfx\bgfx\.build1\win64_vs2017\obj\x64\debug\bgfx\shader_dx9bc.obj
d:\projectall\mbgfx\bgfx\.build1\win64_vs2017\obj\x64\debug\bgfx\shader_dxbc.obj
d:\projectall\mbgfx\bgfx\.build1\win64_vs2017\obj\x64\debug\bgfx\shader_spirv.obj
d:\projectall\mbgfx\bgfx\.build1\win64_vs2017\obj\x64\debug\bgfx\topology.obj
d:\projectall\mbgfx\bgfx\.build1\win64_vs2017\obj\x64\debug\bgfx\vertexlayout.obj
d:\projectall\mbgfx\bgfx\.build1\win64_vs2017\obj\x64\debug\bgfx\bgfx.tlog\cl.11180.write.1.tlog
d:\projectall\mbgfx\bgfx\.build1\win64_vs2017\obj\x64\debug\bgfx\bgfx.tlog\cl.command.1.tlog
d:\projectall\mbgfx\bgfx\.build1\win64_vs2017\obj\x64\debug\bgfx\bgfx.tlog\cl.read.1.tlog
d:\projectall\mbgfx\bgfx\.build1\win64_vs2017\obj\x64\debug\bgfx\bgfx.tlog\lib-link.read.1.tlog
d:\projectall\mbgfx\bgfx\.build1\win64_vs2017\obj\x64\debug\bgfx\bgfx.tlog\lib-link.write.1.tlog
d:\projectall\mbgfx\bgfx\.build1\win64_vs2017\obj\x64\debug\bgfx\bgfx.tlog\lib.command.1.tlog
