d:\projectall\mbgfx\bgfx\.build\win64_vs2017\bin\bimgdebug.pdb
d:\projectall\mbgfx\bgfx\.build\win64_vs2017\obj\x64\debug\bimg\miniz.obj
d:\projectall\mbgfx\bgfx\.build\win64_vs2017\obj\x64\debug\bimg\weight_infill.obj
d:\projectall\mbgfx\bgfx\.build\win64_vs2017\obj\x64\debug\bimg\codec.obj
d:\projectall\mbgfx\bgfx\.build\win64_vs2017\obj\x64\debug\bimg\astc_file.obj
d:\projectall\mbgfx\bgfx\.build\win64_vs2017\obj\x64\debug\bimg\quantization.obj
d:\projectall\mbgfx\bgfx\.build\win64_vs2017\obj\x64\debug\bimg\image_gnf.obj
d:\projectall\mbgfx\bgfx\.build\win64_vs2017\obj\x64\debug\bimg\integer_sequence_codec.obj
d:\projectall\mbgfx\bgfx\.build\win64_vs2017\obj\x64\debug\bimg\intermediate_astc_block.obj
d:\projectall\mbgfx\bgfx\.build\win64_vs2017\obj\x64\debug\bimg\endpoint_codec.obj
d:\projectall\mbgfx\bgfx\.build\win64_vs2017\obj\x64\debug\bimg\partition.obj
d:\projectall\mbgfx\bgfx\.build\win64_vs2017\obj\x64\debug\bimg\image.obj
d:\projectall\mbgfx\bgfx\.build\win64_vs2017\obj\x64\debug\bimg\logical_astc_block.obj
d:\projectall\mbgfx\bgfx\.build\win64_vs2017\obj\x64\debug\bimg\footprint.obj
d:\projectall\mbgfx\bgfx\.build\win64_vs2017\obj\x64\debug\bimg\physical_astc_block.obj
d:\projectall\mbgfx\bgfx\.build\win64_vs2017\bin\bimgdebug.lib
d:\projectall\mbgfx\bgfx\.build1\win64_vs2017\bin\bimgdebug.lib
d:\projectall\mbgfx\bgfx\.build1\win64_vs2017\obj\x64\debug\bimg\astc_file.obj
d:\projectall\mbgfx\bgfx\.build1\win64_vs2017\obj\x64\debug\bimg\codec.obj
d:\projectall\mbgfx\bgfx\.build1\win64_vs2017\obj\x64\debug\bimg\endpoint_codec.obj
d:\projectall\mbgfx\bgfx\.build1\win64_vs2017\obj\x64\debug\bimg\footprint.obj
d:\projectall\mbgfx\bgfx\.build1\win64_vs2017\obj\x64\debug\bimg\image.obj
d:\projectall\mbgfx\bgfx\.build1\win64_vs2017\obj\x64\debug\bimg\image_gnf.obj
d:\projectall\mbgfx\bgfx\.build1\win64_vs2017\obj\x64\debug\bimg\integer_sequence_codec.obj
d:\projectall\mbgfx\bgfx\.build1\win64_vs2017\obj\x64\debug\bimg\intermediate_astc_block.obj
d:\projectall\mbgfx\bgfx\.build1\win64_vs2017\obj\x64\debug\bimg\logical_astc_block.obj
d:\projectall\mbgfx\bgfx\.build1\win64_vs2017\obj\x64\debug\bimg\miniz.obj
d:\projectall\mbgfx\bgfx\.build1\win64_vs2017\obj\x64\debug\bimg\partition.obj
d:\projectall\mbgfx\bgfx\.build1\win64_vs2017\obj\x64\debug\bimg\physical_astc_block.obj
d:\projectall\mbgfx\bgfx\.build1\win64_vs2017\obj\x64\debug\bimg\quantization.obj
d:\projectall\mbgfx\bgfx\.build1\win64_vs2017\obj\x64\debug\bimg\weight_infill.obj
d:\projectall\mbgfx\bgfx\.build1\win64_vs2017\obj\x64\debug\bimg\bimg.tlog\cl.command.1.tlog
d:\projectall\mbgfx\bgfx\.build1\win64_vs2017\obj\x64\debug\bimg\bimg.tlog\cl.read.1.tlog
d:\projectall\mbgfx\bgfx\.build1\win64_vs2017\obj\x64\debug\bimg\bimg.tlog\cl.write.1.tlog
d:\projectall\mbgfx\bgfx\.build1\win64_vs2017\obj\x64\debug\bimg\bimg.tlog\lib-link.read.1.tlog
d:\projectall\mbgfx\bgfx\.build1\win64_vs2017\obj\x64\debug\bimg\bimg.tlog\lib-link.write.1.tlog
d:\projectall\mbgfx\bgfx\.build1\win64_vs2017\obj\x64\debug\bimg\bimg.tlog\lib.command.1.tlog
